[ 2016-04-19T10:07:20+08:00 ] ::1 /thinkphp/index.php
INFO: [ app_init ] --START--
INFO: Run Behavior\BuildLiteBehavior [ RunTime:0.001000s ]
INFO: [ app_init ] --END-- [ RunTime:0.004000s ]
ERR: 无法加载模块:ThinkPHP

[ 2016-04-19T10:07:23+08:00 ] ::1 /thinkphp/index.php
INFO: [ app_init ] --START--
INFO: Run Behavior\BuildLiteBehavior [ RunTime:0.000000s ]
INFO: [ app_init ] --END-- [ RunTime:0.005000s ]
ERR: 无法加载模块:ThinkPHP

[ 2016-04-19T10:08:10+08:00 ] ::1 /thinkphp/index.php
INFO: [ app_init ] --START--
INFO: Run Behavior\BuildLiteBehavior [ RunTime:0.001000s ]
INFO: [ app_init ] --END-- [ RunTime:0.004000s ]
ERR: 无法加载模块:ThinkPHP

[ 2016-04-19T10:08:12+08:00 ] ::1 /thinkphp/index.php
INFO: [ app_init ] --START--
INFO: Run Behavior\BuildLiteBehavior [ RunTime:0.001000s ]
INFO: [ app_init ] --END-- [ RunTime:0.005000s ]
ERR: 无法加载模块:ThinkPHP

[ 2016-04-19T10:15:02+08:00 ] ::1 /thinkphp/index.php
INFO: [ app_init ] --START--
INFO: Run Behavior\BuildLiteBehavior [ RunTime:0.001000s ]
INFO: [ app_init ] --END-- [ RunTime:0.004000s ]
ERR: 无法加载模块:ThinkPHP

[ 2016-04-19T10:15:35+08:00 ] ::1 /thinkphp/index.php
INFO: [ app_init ] --START--
INFO: Run Behavior\BuildLiteBehavior [ RunTime:0.001000s ]
INFO: [ app_init ] --END-- [ RunTime:0.004000s ]
ERR: 无法加载模块:ThinkPHP

[ 2016-04-19T10:15:43+08:00 ] ::1 /thinkphp/index.php
INFO: [ app_init ] --START--
INFO: Run Behavior\BuildLiteBehavior [ RunTime:0.001000s ]
INFO: [ app_init ] --END-- [ RunTime:0.004000s ]
ERR: 无法加载模块:ThinkPHP

